2021-03-24 10:40:43.544969 Ping
2021-03-24 10:40:43.647290 Internet is OK
2021-03-24 10:40:43.647676 Get Data
2021-03-24 10:40:43.647929 innan data send
2021-03-24 10:40:43.648217 innan data send
2021-03-24 10:40:43.648416 innan data send
2021-03-24 10:40:43.648672 innan data send
2021-03-24 10:40:43.648929 innan data send
2021-03-24 10:40:43.649113 innan data send
2021-03-24 10:40:43.649380 innan data send
2021-03-24 10:40:43.649727 innan data send
2021-03-24 10:40:43.649943 innan data send
2021-03-24 10:40:43.809672 Status = 200
2021-03-24 10:40:44.010905 Status = 200
2021-03-24 10:40:44.220143 Status = 200
2021-03-24 10:40:44.334432 Status = 200
2021-03-24 10:40:44.535572 Status = 200
2021-03-24 10:40:44.686644 Status = 200
2021-03-24 10:40:44.791470 Status = 200
2021-03-24 10:40:44.892415 Status = 200
2021-03-24 10:41:54.316061 onHeartbeat
2021-03-24 10:41:54.422457 Entered CheckInternet
2021-03-24 10:41:54.422867 Ping
2021-03-24 10:41:54.524491 Internet is OK
2021-03-24 10:41:54.524859 Get Token
2021-03-24 10:41:54.525136 innan token send
2021-03-24 10:41:54.626455 Status = 200
2021-03-24 10:41:54.682414 Entered CheckInternet
2021-03-24 10:41:54.682792 Ping
2021-03-24 10:41:54.781585 Internet is OK
2021-03-24 10:41:54.782050 Get Data
2021-03-24 10:41:54.782328 innan data send
2021-03-24 10:41:54.782560 innan data send
2021-03-24 10:41:54.782759 innan data send
2021-03-24 10:41:54.783023 innan data send
2021-03-24 10:41:54.783289 innan data send
2021-03-24 10:41:54.783552 innan data send
2021-03-24 10:41:54.783824 innan data send
2021-03-24 10:41:54.784198 innan data send
2021-03-24 10:41:54.784464 innan data send
2021-03-24 10:41:54.986846 Status = 200
2021-03-24 10:41:55.087731 Status = 200
2021-03-24 10:41:55.188942 Status = 200
2021-03-24 10:41:55.293552 Status = 200
2021-03-24 10:41:55.445649 Status = 200
2021-03-24 10:41:55.546611 Status = 200
2021-03-24 10:41:55.700926 Status = 200
2021-03-24 10:41:55.801566 Status = 200
2021-03-24 10:43:04.414739 onHeartbeat
2021-03-24 10:43:04.518334 Entered CheckInternet
2021-03-24 10:43:04.518725 Ping
2021-03-24 10:43:04.617414 Internet is OK
2021-03-24 10:43:04.617779 Get Token
2021-03-24 10:43:04.618057 innan token send
2021-03-24 10:43:04.669690 Status = 200
2021-03-24 10:43:04.724180 Entered CheckInternet
2021-03-24 10:43:04.724592 Ping
2021-03-24 10:43:04.825260 Internet is OK
2021-03-24 10:43:04.825698 Get Data
2021-03-24 10:43:04.826003 innan data send
2021-03-24 10:43:04.826157 innan data send
2021-03-24 10:43:04.826349 innan data send
2021-03-24 10:43:04.826474 innan data send
2021-03-24 10:43:04.826660 innan data send
2021-03-24 10:43:04.826844 innan data send
2021-03-24 10:43:04.827034 innan data send
2021-03-24 10:43:04.827230 innan data send
2021-03-24 10:43:04.827413 innan data send
2021-03-24 10:43:04.979103 Status = 200
2021-03-24 10:43:05.130132 Status = 200
2021-03-24 10:43:05.231181 Status = 200
2021-03-24 10:43:05.336154 Status = 200
2021-03-24 10:43:05.491757 Status = 200
2021-03-24 10:43:05.592679 Status = 200
2021-03-24 10:43:05.797102 Status = 200
2021-03-24 10:43:05.897904 Status = 200
2021-03-24 10:44:14.973897 onHeartbeat
2021-03-24 10:44:15.077083 Entered CheckInternet
2021-03-24 10:44:15.077526 Ping
2021-03-24 10:44:15.175831 Internet is OK
2021-03-24 10:44:15.176202 Get Token
2021-03-24 10:44:15.176457 innan token send
2021-03-24 10:44:15.228123 Status = 200
2021-03-24 10:44:15.654124 onStart
2021-03-24 10:44:27.608926 onHeartbeat
2021-03-24 10:44:27.714312 Entered CheckInternet
2021-03-24 10:44:27.714686 Ping
2021-03-24 10:44:27.822389 Internet is OK
2021-03-24 10:44:27.822738 Get Token
2021-03-24 10:44:27.822972 innan token send
2021-03-24 10:44:27.874686 Status = 200
2021-03-24 10:44:27.928860 Entered CheckInternet
2021-03-24 10:44:27.929255 Ping
2021-03-24 10:44:28.019221 Internet is OK
2021-03-24 10:44:28.019608 Get Data
2021-03-24 10:44:28.019939 innan data send
2021-03-24 10:44:28.020190 innan data send
2021-03-24 10:44:28.020539 innan data send
2021-03-24 10:44:28.020741 innan data send
2021-03-24 10:44:28.021054 innan data send
2021-03-24 10:44:28.021173 innan data send
2021-03-24 10:44:28.021345 innan data send
2021-03-24 10:44:28.021441 innan data send
2021-03-24 10:44:28.021591 innan data send
2021-03-24 10:44:28.123866 Entered CheckInternet
2021-03-24 10:44:28.124213 Ping
2021-03-24 10:44:28.220753 Internet is OK
2021-03-24 10:44:28.221091 Get Categories
2021-03-24 10:44:28.373098 Status = 200
2021-03-24 10:44:28.425107 Entered CheckInternet
2021-03-24 10:44:28.425478 Ping
2021-03-24 10:44:28.520647 Internet is OK
2021-03-24 10:44:28.521038 Get Data
2021-03-24 10:44:28.521264 innan data send
2021-03-24 10:44:28.521459 innan data send
2021-03-24 10:44:28.521718 innan data send
2021-03-24 10:44:28.521998 innan data send
2021-03-24 10:44:28.522260 innan data send
2021-03-24 10:44:28.522488 innan data send
2021-03-24 10:44:28.522635 innan data send
2021-03-24 10:44:28.522841 innan data send
2021-03-24 10:44:28.522996 innan data send
2021-03-24 10:44:28.674405 Status = 200
2021-03-24 10:44:28.825496 Status = 200
2021-03-24 10:44:28.976607 Status = 200
2021-03-24 10:44:29.086727 Status = 200
2021-03-24 10:44:29.187754 Status = 200
2021-03-24 10:44:29.338774 Status = 200
2021-03-24 10:44:29.443498 Status = 200
2021-03-24 10:44:29.594515 Status = 200
2021-03-24 10:45:33.068619 onStart
2021-03-24 10:45:49.237557 onHeartbeat
2021-03-24 10:45:49.344642 Entered CheckInternet
2021-03-24 10:45:49.345022 Ping
2021-03-24 10:45:49.449990 Internet is OK
2021-03-24 10:45:49.450358 Get Token
2021-03-24 10:45:49.450579 innan token send
2021-03-24 10:45:49.501527 Status = 200
2021-03-24 10:45:49.555100 Entered CheckInternet
2021-03-24 10:45:49.555321 Ping
2021-03-24 10:45:49.642692 Internet is OK
2021-03-24 10:45:49.643144 Get Data
2021-03-24 10:46:56.806382 onHeartbeat
2021-03-24 10:46:56.912610 Entered CheckInternet
2021-03-24 10:46:56.913015 Ping
2021-03-24 10:46:57.034901 Internet is OK
2021-03-24 10:46:57.035275 Get Token
2021-03-24 10:46:57.035509 innan token send
2021-03-24 10:46:57.137306 Status = 200
2021-03-24 10:47:51.968682 onStart
2021-03-24 10:48:06.168488 onHeartbeat
2021-03-24 10:48:06.274792 Entered CheckInternet
2021-03-24 10:48:06.275313 Ping
2021-03-24 10:48:06.364633 Internet is OK
2021-03-24 10:48:06.364993 Get Token
2021-03-24 10:48:06.365216 innan token send
2021-03-24 10:48:06.416572 Status = 200
2021-03-24 10:48:06.469314 Entered CheckInternet
2021-03-24 10:48:06.469784 Ping
2021-03-24 10:48:06.573080 Internet is OK
2021-03-24 10:48:06.573481 Get Data
2021-03-24 10:49:34.255396 onHeartbeat
2021-03-24 10:49:34.362371 Entered CheckInternet
2021-03-24 10:49:34.362745 Ping
2021-03-24 10:49:34.464045 Internet is OK
2021-03-24 10:49:34.464437 Get Token
2021-03-24 10:49:34.464653 innan token send
2021-03-24 10:49:34.516561 Status = 200
2021-03-24 10:50:20.507257 onStart
2021-03-24 10:50:32.570392 onHeartbeat
2021-03-24 10:50:32.675762 Entered CheckInternet
2021-03-24 10:50:32.676143 Ping
2021-03-24 10:50:32.772211 Internet is OK
2021-03-24 10:50:32.772560 Get Token
2021-03-24 10:50:32.772760 innan token send
2021-03-24 10:50:32.824524 Status = 200
2021-03-24 10:50:32.881499 Entered CheckInternet
2021-03-24 10:50:32.881874 Ping
2021-03-24 10:50:32.995000 Internet is OK
2021-03-24 10:50:32.995396 Get Data
2021-03-24 10:50:32.995740 innan data send
2021-03-24 10:50:32.995951 innan data send
2021-03-24 10:50:32.996139 innan data send
2021-03-24 10:50:32.996321 innan data send
2021-03-24 10:50:32.996711 innan data send
2021-03-24 10:50:32.996914 innan data send
2021-03-24 10:50:32.997172 innan data send
2021-03-24 10:50:32.997435 innan data send
2021-03-24 10:50:32.997698 innan data send
2021-03-24 10:50:33.054723 Entered CheckInternet
2021-03-24 10:50:33.055103 Ping
2021-03-24 10:50:33.160112 Internet is OK
2021-03-24 10:50:33.160459 Get Categories
2021-03-24 10:50:33.312596 Status = 200
2021-03-24 10:50:33.364486 Entered CheckInternet
2021-03-24 10:50:33.364859 Ping
2021-03-24 10:50:33.459197 Internet is OK
2021-03-24 10:50:33.459595 Get Data
2021-03-24 10:50:33.459823 innan data send
2021-03-24 10:50:33.460102 innan data send
2021-03-24 10:50:33.460391 innan data send
2021-03-24 10:50:33.460612 innan data send
2021-03-24 10:50:33.460870 innan data send
2021-03-24 10:50:33.461130 innan data send
2021-03-24 10:50:33.461336 innan data send
2021-03-24 10:50:33.461683 innan data send
2021-03-24 10:50:33.461881 innan data send
2021-03-24 10:50:33.664332 Status = 200
2021-03-24 10:50:33.765327 Status = 200
2021-03-24 10:50:33.919693 Status = 200
2021-03-24 10:50:34.084486 Status = 200
2021-03-24 10:50:34.188628 Status = 200
2021-03-24 10:50:34.345207 Status = 200
2021-03-24 10:50:34.452996 Status = 200
2021-03-24 10:50:34.553829 Status = 200
2021-03-24 10:51:40.682153 onHeartbeat
2021-03-24 10:51:40.790142 Entered CheckInternet
2021-03-24 10:51:40.790515 Ping
2021-03-24 10:51:40.890752 Internet is OK
2021-03-24 10:51:40.891123 Get Token
2021-03-24 10:51:40.891347 innan token send
2021-03-24 10:51:40.942249 Status = 200
2021-03-24 10:51:40.999166 Entered CheckInternet
2021-03-24 10:51:40.999524 Ping
2021-03-24 10:51:41.086446 Internet is OK
2021-03-24 10:51:41.086801 Get Data
2021-03-24 10:51:41.087021 innan data send
2021-03-24 10:51:41.087202 innan data send
2021-03-24 10:51:41.087369 innan data send
2021-03-24 10:51:41.087599 innan data send
2021-03-24 10:51:41.087766 innan data send
2021-03-24 10:51:41.088004 innan data send
2021-03-24 10:51:41.088212 innan data send
2021-03-24 10:51:41.088519 innan data send
2021-03-24 10:51:41.088694 innan data send
2021-03-24 10:51:41.290839 Status = 200
2021-03-24 10:51:41.391841 Status = 200
2021-03-24 10:51:41.593094 Status = 200
2021-03-24 10:51:41.694097 Status = 200
2021-03-24 10:51:41.845120 Status = 200
2021-03-24 10:51:41.946111 Status = 200
2021-03-24 10:51:42.050839 Status = 200
2021-03-24 10:51:42.201885 Status = 200
2021-03-24 10:52:51.215346 onHeartbeat
2021-03-24 10:52:51.321251 Entered CheckInternet
2021-03-24 10:52:51.321621 Ping
2021-03-24 10:52:51.420826 Internet is OK
2021-03-24 10:52:51.421188 Get Token
2021-03-24 10:52:51.421407 innan token send
2021-03-24 10:52:51.522262 Status = 200
2021-03-24 10:52:51.577436 Entered CheckInternet
2021-03-24 10:52:51.577829 Ping
2021-03-24 10:52:51.677214 Internet is OK
2021-03-24 10:52:51.677600 Get Data
2021-03-24 10:52:51.677842 innan data send
2021-03-24 10:52:51.678180 innan data send
2021-03-24 10:52:51.678458 innan data send
2021-03-24 10:52:51.678649 innan data send
2021-03-24 10:52:51.678944 innan data send
2021-03-24 10:52:51.679210 innan data send
2021-03-24 10:52:51.679410 innan data send
2021-03-24 10:52:51.679759 innan data send
2021-03-24 10:52:51.680028 innan data send
2021-03-24 10:52:51.882236 Status = 200
2021-03-24 10:52:51.983234 Status = 200
2021-03-24 10:52:52.134331 Status = 200
2021-03-24 10:52:52.338752 Status = 200
2021-03-24 10:52:52.489787 Status = 200
2021-03-24 10:52:52.640913 Status = 200
2021-03-24 10:52:52.741833 Status = 200
2021-03-24 10:52:52.892842 Status = 200
2021-03-24 10:53:59.383347 onHeartbeat
2021-03-24 10:53:59.488882 Entered CheckInternet
2021-03-24 10:53:59.489260 Ping
2021-03-24 10:53:59.594160 Internet is OK
2021-03-24 10:53:59.594465 Get Token
2021-03-24 10:53:59.594629 innan token send
2021-03-24 10:53:59.645919 Status = 200
2021-03-24 10:53:59.701052 Entered CheckInternet
2021-03-24 10:53:59.701439 Ping
2021-03-24 10:53:59.792294 Internet is OK
2021-03-24 10:53:59.792686 Get Data
2021-03-24 10:53:59.792958 innan data send
2021-03-24 10:53:59.793203 innan data send
2021-03-24 10:53:59.793440 innan data send
2021-03-24 10:53:59.793631 innan data send
2021-03-24 10:53:59.793814 innan data send
2021-03-24 10:53:59.794052 innan data send
2021-03-24 10:53:59.794319 innan data send
2021-03-24 10:53:59.794626 innan data send
2021-03-24 10:53:59.794820 innan data send
2021-03-24 10:53:59.997213 Status = 200
2021-03-24 10:54:00.148264 Status = 200
2021-03-24 10:54:00.249249 Status = 200
2021-03-24 10:54:00.403944 Status = 200
2021-03-24 10:54:00.554835 Status = 200
2021-03-24 10:54:00.705713 Status = 200
2021-03-24 10:54:00.860370 Status = 200
2021-03-24 10:54:01.111254 Status = 200
2021-03-24 10:55:07.028395 onHeartbeat
2021-03-24 10:55:07.135255 Entered CheckInternet
2021-03-24 10:55:07.135449 Ping
2021-03-24 10:55:07.744096 Internet is OK
2021-03-24 10:55:07.744349 Get Token
2021-03-24 10:55:07.744490 innan token send
2021-03-24 10:55:07.847662 Status = 200
2021-03-24 10:55:07.949501 Entered CheckInternet
2021-03-24 10:55:07.949721 Ping
2021-03-24 10:55:08.046188 Internet is OK
2021-03-24 10:55:08.046453 Get Data
2021-03-24 10:55:08.046611 innan data send
2021-03-24 10:55:08.046808 innan data send
2021-03-24 10:55:08.047002 innan data send
2021-03-24 10:55:08.047194 innan data send
2021-03-24 10:55:08.047322 innan data send
2021-03-24 10:55:08.047507 innan data send
2021-03-24 10:55:08.047700 innan data send
2021-03-24 10:55:08.047969 innan data send
2021-03-24 10:55:08.048164 innan data send
2021-03-24 10:55:08.249709 Status = 200
2021-03-24 10:55:08.350376 Status = 200
2021-03-24 10:55:08.501125 Status = 200
2021-03-24 10:55:08.704346 Status = 200
2021-03-24 10:55:08.855067 Status = 200
2021-03-24 10:55:12.334251 Status = 200
2021-03-24 10:55:12.338107 Status = 200
2021-03-24 10:55:12.338635 Status = 200
2021-03-24 10:55:12.339028 Status = 200
2021-03-24 10:56:15.111375 onHeartbeat
2021-03-24 10:56:15.215041 Entered CheckInternet
2021-03-24 10:56:15.215420 Ping
2021-03-24 10:56:15.326612 Internet is OK
2021-03-24 10:56:15.326971 Get Token
2021-03-24 10:56:15.327202 innan token send
2021-03-24 10:56:15.378785 Status = 200
2021-03-24 10:56:15.432528 Entered CheckInternet
2021-03-24 10:56:15.432935 Ping
2021-03-24 10:56:15.746088 Internet is OK
2021-03-24 10:56:15.746497 Get Data
2021-03-24 10:56:15.746756 innan data send
2021-03-24 10:56:15.747047 innan data send
2021-03-24 10:56:15.747318 innan data send
2021-03-24 10:56:15.747588 innan data send
2021-03-24 10:56:15.747776 innan data send
2021-03-24 10:56:15.748028 innan data send
2021-03-24 10:56:15.748226 innan data send
2021-03-24 10:56:15.748493 innan data send
2021-03-24 10:56:15.748687 innan data send
2021-03-24 10:56:15.951051 Status = 200
2021-03-24 10:56:16.051986 Status = 200
2021-03-24 10:56:16.156276 Status = 200
2021-03-24 10:56:16.256957 Status = 200
2021-03-24 10:56:16.758972 Status = 200
2021-03-24 10:56:16.912807 Status = 200
2021-03-24 10:56:17.063933 Status = 200
2021-03-24 10:56:17.214990 Status = 200
2021-03-24 10:57:25.222651 onHeartbeat
2021-03-24 10:57:25.327902 Entered CheckInternet
2021-03-24 10:57:25.328334 Ping
2021-03-24 10:57:25.427822 Internet is OK
2021-03-24 10:57:25.428190 Get Token
2021-03-24 10:57:25.428426 innan token send
2021-03-24 10:57:25.480313 Status = 200
2021-03-24 10:57:25.583515 Entered CheckInternet
2021-03-24 10:57:25.583948 Ping
2021-03-24 10:57:25.680618 Internet is OK
2021-03-24 10:57:25.681007 Get Data
2021-03-24 10:57:25.681273 innan data send
2021-03-24 10:57:25.681563 innan data send
2021-03-24 10:57:25.681843 innan data send
2021-03-24 10:57:25.682147 innan data send
2021-03-24 10:57:25.682425 innan data send
2021-03-24 10:57:25.682688 innan data send
2021-03-24 10:57:25.682958 innan data send
2021-03-24 10:57:25.683332 innan data send
2021-03-24 10:57:25.683531 innan data send
2021-03-24 10:57:25.835892 Status = 200
2021-03-24 10:57:25.936870 Status = 200
2021-03-24 10:57:26.138075 Status = 200
2021-03-24 10:57:26.245262 Status = 200
2021-03-24 10:57:26.396021 Status = 200
2021-03-24 10:57:26.546985 Status = 200
2021-03-24 10:57:26.651834 Status = 200
2021-03-24 10:57:26.802882 Status = 200
2021-03-24 10:58:37.090592 onHeartbeat
2021-03-24 10:58:37.193511 Entered CheckInternet
2021-03-24 10:58:37.193908 Ping
2021-03-24 10:58:37.289129 Internet is OK
2021-03-24 10:58:37.289488 Get Token
2021-03-24 10:58:37.289734 innan token send
2021-03-24 10:58:37.341390 Status = 200
2021-03-24 10:58:37.396031 Entered CheckInternet
2021-03-24 10:58:37.396329 Ping
2021-03-24 10:58:37.488020 Internet is OK
2021-03-24 10:58:37.488413 Get Data
2021-03-24 10:58:37.488683 innan data send
2021-03-24 10:58:37.488949 innan data send
2021-03-24 10:58:37.489129 innan data send
2021-03-24 10:58:37.489300 innan data send
2021-03-24 10:58:37.489468 innan data send
2021-03-24 10:58:37.489637 innan data send
2021-03-24 10:58:37.489825 innan data send
2021-03-24 10:58:37.490027 innan data send
2021-03-24 10:58:37.490200 innan data send
2021-03-24 10:58:37.691968 Status = 200
2021-03-24 10:58:37.793056 Status = 200
2021-03-24 10:58:37.944134 Status = 200
2021-03-24 10:58:38.095106 Status = 200
2021-03-24 10:58:38.195770 Status = 200
2021-03-24 10:58:38.396940 Status = 200
2021-03-24 10:58:38.501242 Status = 200
2021-03-24 10:58:38.652143 Status = 200
2021-03-24 10:59:47.164795 onHeartbeat
2021-03-24 10:59:47.272076 Entered CheckInternet
2021-03-24 10:59:47.272450 Ping
2021-03-24 10:59:47.373909 Internet is OK
2021-03-24 10:59:47.374369 Get Token
2021-03-24 10:59:47.374678 innan token send
2021-03-24 10:59:47.426445 Status = 200
2021-03-24 10:59:47.481406 Entered CheckInternet
2021-03-24 10:59:47.481804 Ping
2021-03-24 10:59:47.577130 Internet is OK
2021-03-24 10:59:47.577507 Get Data
2021-03-24 10:59:47.577751 innan data send
2021-03-24 10:59:47.577991 innan data send
2021-03-24 10:59:47.578197 innan data send
2021-03-24 10:59:47.578375 innan data send
2021-03-24 10:59:47.578640 innan data send
2021-03-24 10:59:47.578904 innan data send
2021-03-24 10:59:47.579176 innan data send
2021-03-24 10:59:47.579518 innan data send
2021-03-24 10:59:47.579779 innan data send
2021-03-24 10:59:47.781819 Status = 200
2021-03-24 10:59:47.882805 Status = 200
2021-03-24 10:59:48.033879 Status = 200
2021-03-24 10:59:48.138065 Status = 200
2021-03-24 10:59:48.340685 Status = 200
2021-03-24 10:59:48.441644 Status = 200
2021-03-24 10:59:48.592798 Status = 200
2021-03-24 10:59:48.793953 Status = 200
2021-03-24 11:00:48.553692 onStart
2021-03-24 11:01:05.594080 onHeartbeat
2021-03-24 11:01:05.699430 Entered CheckInternet
2021-03-24 11:01:05.699799 Ping
2021-03-24 11:01:05.799465 Internet is OK
2021-03-24 11:01:05.799814 Get Token
2021-03-24 11:01:05.800013 innan token send
2021-03-24 11:01:05.851863 Status = 200
2021-03-24 11:01:05.904398 Entered CheckInternet
2021-03-24 11:01:05.904780 Ping
2021-03-24 11:01:05.995867 Internet is OK
2021-03-24 11:01:05.996255 Get Data
2021-03-24 11:01:05.996592 innan data send
2021-03-24 11:01:05.996877 innan data send
2021-03-24 11:01:05.997145 innan data send
2021-03-24 11:01:05.997404 innan data send
2021-03-24 11:01:05.997681 innan data send
2021-03-24 11:01:05.997954 innan data send
2021-03-24 11:01:05.998215 innan data send
2021-03-24 11:01:05.998472 innan data send
2021-03-24 11:01:05.998731 innan data send
2021-03-24 11:01:06.063822 Entered CheckInternet
2021-03-24 11:01:06.064198 Ping
2021-03-24 11:01:06.164876 Internet is OK
2021-03-24 11:01:06.165068 Get Categories
2021-03-24 11:01:06.316753 Status = 200
2021-03-24 11:01:06.368448 Entered CheckInternet
2021-03-24 11:01:06.368911 Ping
2021-03-24 11:01:06.458254 Internet is OK
2021-03-24 11:01:06.458443 Get Data
2021-03-24 11:01:06.458557 innan data send
2021-03-24 11:01:06.458711 innan data send
2021-03-24 11:01:06.458860 innan data send
2021-03-24 11:01:06.458943 innan data send
2021-03-24 11:01:06.459081 innan data send
2021-03-24 11:01:06.459161 innan data send
2021-03-24 11:01:06.459297 innan data send
2021-03-24 11:01:06.459502 innan data send
2021-03-24 11:01:06.459646 innan data send
2021-03-24 11:01:06.661382 Status = 200
2021-03-24 11:01:06.762253 Status = 200
2021-03-24 11:01:06.862984 Status = 200
2021-03-24 11:01:07.067407 Status = 200
2021-03-24 11:01:07.218428 Status = 200
2021-03-24 11:01:07.369538 Status = 200
2021-03-24 11:01:07.477059 Status = 200
2021-03-24 11:01:07.581313 Status = 200
2021-03-24 11:01:29.189662 onStart
2021-03-24 11:01:41.737168 onHeartbeat
2021-03-24 11:01:41.790029 Entered CheckInternet
2021-03-24 11:01:41.790420 Ping
2021-03-24 11:01:41.885116 Internet is OK
2021-03-24 11:01:41.885491 Get Token
2021-03-24 11:01:41.885695 innan token send
2021-03-24 11:01:41.937455 Status = 200
2021-03-24 11:01:41.991750 Entered CheckInternet
2021-03-24 11:01:41.992121 Ping
2021-03-24 11:01:42.087393 Internet is OK
2021-03-24 11:01:42.087782 Get Data
2021-03-24 11:01:42.088153 innan data send
2021-03-24 11:01:42.088435 innan data send
2021-03-24 11:01:42.088740 innan data send
2021-03-24 11:01:42.089001 innan data send
2021-03-24 11:01:42.089255 innan data send
2021-03-24 11:01:42.089533 innan data send
2021-03-24 11:01:42.089788 innan data send
2021-03-24 11:01:42.090069 innan data send
2021-03-24 11:01:42.090326 innan data send
2021-03-24 11:01:42.193546 Entered CheckInternet
2021-03-24 11:01:42.193957 Ping
2021-03-24 11:01:42.294124 Internet is OK
2021-03-24 11:01:42.294411 Get Categories
2021-03-24 11:01:42.496285 Status = 200
2021-03-24 11:01:42.550591 Entered CheckInternet
2021-03-24 11:01:42.550968 Ping
2021-03-24 11:01:42.648062 Internet is OK
2021-03-24 11:01:42.648455 Get Data
2021-03-24 11:01:42.648680 innan data send
2021-03-24 11:01:42.648921 innan data send
2021-03-24 11:01:42.649184 innan data send
2021-03-24 11:01:42.649374 innan data send
2021-03-24 11:01:42.649628 innan data send
2021-03-24 11:01:42.649812 innan data send
2021-03-24 11:01:42.650098 innan data send
2021-03-24 11:01:42.650375 innan data send
2021-03-24 11:01:42.650637 innan data send
2021-03-24 11:01:42.853049 Status = 200
2021-03-24 11:01:42.954200 Status = 200
2021-03-24 11:01:43.105253 Status = 200
2021-03-24 11:01:43.206044 Status = 200
2021-03-24 11:01:43.356975 Status = 200
2021-03-24 11:01:43.508014 Status = 200
2021-03-24 11:01:43.608837 Status = 200
2021-03-24 11:01:43.759843 Status = 200
2021-03-24 11:02:50.977341 onHeartbeat
2021-03-24 11:02:51.083040 Entered CheckInternet
2021-03-24 11:02:51.083417 Ping
2021-03-24 11:02:51.180104 Internet is OK
2021-03-24 11:02:51.180469 Get Token
2021-03-24 11:02:51.180682 innan token send
2021-03-24 11:02:51.232373 Status = 200
2021-03-24 11:02:51.287791 Entered CheckInternet
2021-03-24 11:02:51.288167 Ping
2021-03-24 11:02:51.383003 Internet is OK
2021-03-24 11:02:51.383293 Get Data
2021-03-24 11:02:51.383450 innan data send
2021-03-24 11:02:51.383643 innan data send
2021-03-24 11:02:51.383829 innan data send
2021-03-24 11:02:51.384015 innan data send
2021-03-24 11:02:51.384195 innan data send
2021-03-24 11:02:51.384371 innan data send
2021-03-24 11:02:51.384554 innan data send
2021-03-24 11:02:51.384834 innan data send
2021-03-24 11:02:51.385020 innan data send
2021-03-24 11:02:51.636173 Status = 200
2021-03-24 11:02:51.787344 Status = 200
2021-03-24 11:02:51.938491 Status = 200
2021-03-24 11:02:52.039453 Status = 200
2021-03-24 11:02:52.140345 Status = 200
2021-03-24 11:02:52.291406 Status = 200
2021-03-24 11:02:52.442402 Status = 200
2021-03-24 11:02:52.543321 Status = 200
2021-03-24 11:04:01.035932 onHeartbeat
2021-03-24 11:04:01.141686 Entered CheckInternet
2021-03-24 11:04:01.142051 Ping
2021-03-24 11:04:01.238610 Internet is OK
2021-03-24 11:04:01.238979 Get Token
2021-03-24 11:04:01.239191 innan token send
2021-03-24 11:04:01.941188 Status = 200
2021-03-24 11:04:01.999176 Entered CheckInternet
2021-03-24 11:04:01.999505 Ping
2021-03-24 11:04:02.093404 Internet is OK
2021-03-24 11:04:02.093591 Get Data
2021-03-24 11:04:02.093695 innan data send
2021-03-24 11:04:02.093840 innan data send
2021-03-24 11:04:02.093947 innan data send
2021-03-24 11:04:02.094084 innan data send
2021-03-24 11:04:02.094160 innan data send
2021-03-24 11:04:02.094292 innan data send
2021-03-24 11:04:02.094431 innan data send
2021-03-24 11:04:02.094550 innan data send
2021-03-24 11:04:02.094686 innan data send
2021-03-24 11:04:02.296072 Status = 200
2021-03-24 11:04:02.898006 Status = 200
2021-03-24 11:04:03.049249 Status = 200
2021-03-24 11:04:03.203412 Status = 200
2021-03-24 11:04:03.304210 Status = 200
2021-03-24 11:04:03.605512 Status = 200
2021-03-24 11:04:03.759631 Status = 200
2021-03-24 11:04:03.860474 Status = 200
2021-03-24 11:05:09.156179 onHeartbeat
2021-03-24 11:05:09.261737 Entered CheckInternet
2021-03-24 11:05:09.262140 Ping
2021-03-24 11:05:09.360941 Internet is OK
2021-03-24 11:05:09.361298 Get Token
2021-03-24 11:05:09.361518 innan token send
2021-03-24 11:05:09.412875 Status = 200
2021-03-24 11:05:09.468350 Entered CheckInternet
2021-03-24 11:05:09.468725 Ping
2021-03-24 11:05:09.587414 Internet is OK
2021-03-24 11:05:09.587831 Get Data
2021-03-24 11:05:09.588081 innan data send
2021-03-24 11:05:09.588281 innan data send
2021-03-24 11:05:09.588543 innan data send
2021-03-24 11:05:09.588807 innan data send
2021-03-24 11:05:09.588998 innan data send
2021-03-24 11:05:09.589241 innan data send
2021-03-24 11:05:09.589434 innan data send
2021-03-24 11:05:09.589694 innan data send
2021-03-24 11:05:09.589974 innan data send
2021-03-24 11:05:09.792113 Status = 200
2021-03-24 11:05:09.892825 Status = 200
2021-03-24 11:05:09.993894 Status = 200
2021-03-24 11:05:10.144831 Status = 200
2021-03-24 11:05:10.295582 Status = 200
2021-03-24 11:05:10.399928 Status = 200
2021-03-24 11:05:10.550995 Status = 200
2021-03-24 11:05:10.651897 Status = 200
2021-03-24 11:05:20.491055 onStart
2021-03-24 11:05:32.677347 onHeartbeat
2021-03-24 11:05:32.779174 Entered CheckInternet
2021-03-24 11:05:32.779560 Ping
2021-03-24 11:05:32.906621 Internet is OK
2021-03-24 11:05:32.906906 Get Token
2021-03-24 11:05:32.907077 innan token send
2021-03-24 11:05:32.958833 Status = 200
2021-03-24 11:05:33.015617 Entered CheckInternet
2021-03-24 11:05:33.015944 Ping
2021-03-24 11:05:33.111045 Internet is OK
2021-03-24 11:05:33.111323 Get Data
2021-03-24 11:07:19.425773 onStart
2021-03-24 11:07:36.143390 onHeartbeat
2021-03-24 11:07:36.250652 Entered CheckInternet
2021-03-24 11:07:36.250855 Ping
2021-03-24 11:07:36.339791 Internet is OK
2021-03-24 11:07:36.340145 Get Token
2021-03-24 11:07:36.340364 innan token send
2021-03-24 11:07:36.391852 Status = 200
2021-03-24 11:07:36.455605 Entered CheckInternet
2021-03-24 11:07:36.455920 Ping
2021-03-24 11:07:36.550256 Internet is OK
2021-03-24 11:07:36.550621 Get Data
2021-03-24 11:08:43.849408 onStart
2021-03-24 11:08:55.773145 onHeartbeat
2021-03-24 11:08:55.918245 Entered CheckInternet
2021-03-24 11:08:55.918532 Ping
2021-03-24 11:08:56.015075 Internet is OK
2021-03-24 11:08:56.015354 Get Token
2021-03-24 11:08:56.015880 innan token send
2021-03-24 11:08:56.067060 Status = 200
2021-03-24 11:08:56.121562 Entered CheckInternet
2021-03-24 11:08:56.121991 Ping
2021-03-24 11:08:56.218340 Internet is OK
2021-03-24 11:08:56.218746 Get Data
2021-03-24 11:13:11.499002 onStart
2021-03-24 11:13:23.290145 onHeartbeat
2021-03-24 11:13:23.398446 Entered CheckInternet
2021-03-24 11:13:23.398814 Ping
2021-03-24 11:13:23.489979 Internet is OK
2021-03-24 11:13:23.490140 Get Token
2021-03-24 11:13:23.490218 innan token send
2021-03-24 11:13:23.541027 Status = 200
2021-03-24 11:13:23.597808 Entered CheckInternet
2021-03-24 11:13:23.598228 Ping
2021-03-24 11:13:23.699438 Internet is OK
2021-03-24 11:13:23.699731 Get Data
2021-03-24 11:14:00.497271 onStart
2021-03-24 11:14:11.332018 onHeartbeat
2021-03-24 11:14:11.438924 Entered CheckInternet
2021-03-24 11:14:11.439325 Ping
2021-03-24 11:14:11.542977 Internet is OK
2021-03-24 11:14:11.543331 Get Token
2021-03-24 11:14:11.543550 innan token send
2021-03-24 11:14:11.595101 Status = 200
2021-03-24 11:14:11.652328 Entered CheckInternet
2021-03-24 11:14:11.652701 Ping
2021-03-24 11:14:11.749825 Internet is OK
2021-03-24 11:14:11.750027 Get Data
2021-03-24 11:14:44.061337 onStart
2021-03-24 11:14:56.040591 onHeartbeat
2021-03-24 11:14:56.097434 Entered CheckInternet
2021-03-24 11:14:56.097814 Ping
2021-03-24 11:14:56.195213 Internet is OK
2021-03-24 11:14:56.195560 Get Token
2021-03-24 11:14:56.195795 innan token send
2021-03-24 11:14:56.247347 Status = 200
2021-03-24 11:14:56.301644 Entered CheckInternet
2021-03-24 11:14:56.301855 Ping
2021-03-24 11:14:56.392883 Internet is OK
2021-03-24 11:14:56.393265 Get Data
2021-03-24 11:14:58.394369 innan data send
2021-03-24 11:14:58.395521 innan data send
2021-03-24 11:14:58.395936 innan data send
2021-03-24 11:14:58.396241 innan data send
2021-03-24 11:14:58.396546 innan data send
2021-03-24 11:14:58.398490 innan data send
2021-03-24 11:14:58.398823 innan data send
2021-03-24 11:14:58.399095 innan data send
2021-03-24 11:14:58.399297 innan data send
2021-03-24 11:14:58.505041 Entered CheckInternet
2021-03-24 11:14:58.505274 Ping
2021-03-24 11:14:58.595472 Internet is OK
2021-03-24 11:14:58.595665 Get Categories
2021-03-24 11:14:58.746650 Status = 200
2021-03-24 11:14:58.801499 Entered CheckInternet
2021-03-24 11:14:58.801687 Ping
2021-03-24 11:14:58.892768 Internet is OK
2021-03-24 11:14:58.892978 Get Data
2021-03-24 11:14:58.893075 innan data send
2021-03-24 11:14:58.893218 innan data send
2021-03-24 11:14:58.893400 innan data send
2021-03-24 11:14:58.893674 innan data send
2021-03-24 11:14:58.893894 innan data send
2021-03-24 11:14:58.894068 innan data send
2021-03-24 11:14:58.894213 innan data send
2021-03-24 11:14:58.894490 innan data send
2021-03-24 11:14:58.894632 innan data send
2021-03-24 11:14:59.045495 Status = 200
2021-03-24 11:14:59.146567 Status = 200
2021-03-24 11:14:59.307173 Status = 200
2021-03-24 11:14:59.366091 Status = 200
2021-03-24 11:15:02.223531 Status = 200
2021-03-24 11:15:02.225203 Status = 200
2021-03-24 11:15:02.227821 Status = 200
2021-03-24 11:15:02.228058 Status = 200
2021-03-24 11:15:02.228220 Status = 200
2021-03-24 11:15:16.917860 onStart
2021-03-24 11:15:28.702238 onHeartbeat
2021-03-24 11:15:28.804021 Entered CheckInternet
2021-03-24 11:15:28.804394 Ping
2021-03-24 11:15:28.900577 Internet is OK
2021-03-24 11:15:28.900855 Get Token
2021-03-24 11:15:28.901009 innan token send
2021-03-24 11:15:28.952288 Status = 200
2021-03-24 11:15:29.006039 Entered CheckInternet
2021-03-24 11:15:29.006412 Ping
2021-03-24 11:15:29.106219 Internet is OK
2021-03-24 11:15:29.106601 Get Data
2021-03-24 11:15:34.110155 innan data send
2021-03-24 11:15:34.110623 innan data send
2021-03-24 11:15:34.110914 innan data send
2021-03-24 11:15:34.111191 innan data send
2021-03-24 11:15:34.111571 innan data send
2021-03-24 11:15:34.111832 innan data send
2021-03-24 11:15:34.112085 innan data send
2021-03-24 11:15:34.112336 innan data send
2021-03-24 11:15:34.112603 innan data send
2021-03-24 11:15:34.167134 Entered CheckInternet
2021-03-24 11:15:34.167502 Ping
2021-03-24 11:15:34.261072 Internet is OK
2021-03-24 11:15:34.261416 Get Categories
2021-03-24 11:15:34.416827 Status = 200
2021-03-24 11:15:34.470579 Entered CheckInternet
2021-03-24 11:15:34.470950 Ping
2021-03-24 11:15:34.577265 Internet is OK
2021-03-24 11:15:34.577645 Get Data
2021-03-24 11:15:34.577870 innan data send
2021-03-24 11:15:34.578188 innan data send
2021-03-24 11:15:34.578387 innan data send
2021-03-24 11:15:34.578645 innan data send
2021-03-24 11:15:34.578899 innan data send
2021-03-24 11:15:34.579157 innan data send
2021-03-24 11:15:34.579410 innan data send
2021-03-24 11:15:34.579735 innan data send
2021-03-24 11:15:34.579929 innan data send
2021-03-24 11:15:34.781375 Status = 200
2021-03-24 11:15:34.882238 Status = 200
2021-03-24 11:15:34.982996 Status = 200
2021-03-24 11:15:35.187454 Status = 200
2021-03-24 11:15:35.291668 Status = 200
2021-03-24 11:15:35.392667 Status = 200
2021-03-24 11:15:35.493623 Status = 200
2021-03-24 11:15:35.594537 Status = 200
2021-03-24 11:15:45.269514 onStart
2021-03-24 11:15:56.664308 onHeartbeat
2021-03-24 11:15:56.769524 Entered CheckInternet
2021-03-24 11:15:56.769783 Ping
2021-03-24 11:15:56.867976 Internet is OK
2021-03-24 11:15:56.868325 Get Token
2021-03-24 11:15:56.868520 innan token send
2021-03-24 11:15:56.919939 Status = 200
2021-03-24 11:15:56.974133 Entered CheckInternet
2021-03-24 11:15:56.974505 Ping
2021-03-24 11:15:57.068093 Internet is OK
2021-03-24 11:15:57.068443 Get Data
2021-03-24 11:16:07.078144 innan data send
2021-03-24 11:16:07.078553 innan data send
2021-03-24 11:16:07.078837 innan data send
2021-03-24 11:16:07.079104 innan data send
2021-03-24 11:16:07.079365 innan data send
2021-03-24 11:16:07.079623 innan data send
2021-03-24 11:16:07.079933 innan data send
2021-03-24 11:16:07.080191 innan data send
2021-03-24 11:16:07.080374 innan data send
2021-03-24 11:16:07.134854 Entered CheckInternet
2021-03-24 11:16:07.135232 Ping
2021-03-24 11:16:07.227421 Internet is OK
2021-03-24 11:16:07.227769 Get Categories
2021-03-24 11:16:07.429068 Status = 200
2021-03-24 11:16:07.482521 Entered CheckInternet
2021-03-24 11:16:07.482899 Ping
2021-03-24 11:16:07.579884 Internet is OK
2021-03-24 11:16:07.580271 Get Data
2021-03-24 11:16:07.580499 innan data send
2021-03-24 11:16:07.580770 innan data send
2021-03-24 11:16:07.581003 innan data send
2021-03-24 11:16:07.581182 innan data send
2021-03-24 11:16:07.581356 innan data send
2021-03-24 11:16:07.581597 innan data send
2021-03-24 11:16:07.581845 innan data send
2021-03-24 11:16:07.582141 innan data send
2021-03-24 11:16:07.582403 innan data send
2021-03-24 11:16:07.734562 Status = 200
2021-03-24 11:16:07.835487 Status = 200
2021-03-24 11:16:07.986565 Status = 200
2021-03-24 11:16:08.241395 Status = 200
2021-03-24 11:16:08.345991 Status = 200
2021-03-24 11:16:08.446838 Status = 200
2021-03-24 11:16:08.547550 Status = 200
2021-03-24 11:16:08.648316 Status = 200
2021-03-24 11:16:23.191828 onStart
2021-03-24 11:16:37.758953 onHeartbeat
2021-03-24 11:16:37.860176 Entered CheckInternet
2021-03-24 11:16:37.860554 Ping
2021-03-24 11:16:37.962569 Internet is OK
2021-03-24 11:16:37.962920 Get Token
2021-03-24 11:16:37.963121 innan token send
2021-03-24 11:16:38.064675 Status = 200
2021-03-24 11:16:38.118012 Entered CheckInternet
2021-03-24 11:16:38.118402 Ping
2021-03-24 11:16:38.211467 Internet is OK
2021-03-24 11:16:38.211857 Get Data
2021-03-24 11:16:48.222205 innan data send
2021-03-24 11:16:48.222615 innan data send
2021-03-24 11:16:48.222903 innan data send
2021-03-24 11:16:48.223176 innan data send
2021-03-24 11:16:48.223565 innan data send
2021-03-24 11:16:48.223770 innan data send
2021-03-24 11:16:48.224018 innan data send
2021-03-24 11:16:48.224223 innan data send
2021-03-24 11:16:48.224470 innan data send
2021-03-24 11:16:48.344775 Entered CheckInternet
2021-03-24 11:16:48.345175 Ping
2021-03-24 11:16:48.441498 Internet is OK
2021-03-24 11:16:48.441848 Get Categories
2021-03-24 11:16:48.497932 Status = 200
2021-03-24 11:16:48.548684 Status = 200
2021-03-24 11:16:48.599549 Status = 200
2021-03-24 11:16:48.700705 Status = 200
2021-03-24 11:16:48.804962 Status = 200
2021-03-24 11:16:48.959290 Status = 200
2021-03-24 11:16:49.110439 Status = 200
2021-03-24 11:16:49.214722 Status = 200
2021-03-24 11:16:49.315640 Status = 200
2021-03-24 11:17:57.691793 onHeartbeat
2021-03-24 11:17:57.748199 Entered CheckInternet
2021-03-24 11:17:57.748594 Ping
2021-03-24 11:17:57.849334 Internet is OK
2021-03-24 11:17:57.849692 Get Token
2021-03-24 11:17:57.849964 innan token send
2021-03-24 11:17:57.901636 Status = 200
2021-03-24 11:17:57.958193 Entered CheckInternet
2021-03-24 11:17:57.958593 Ping
2021-03-24 11:17:58.055736 Internet is OK
2021-03-24 11:17:58.056153 Get Data
2021-03-24 11:17:58.056432 innan data send
2021-03-24 11:17:58.056665 innan data send
2021-03-24 11:17:58.056953 innan data send
2021-03-24 11:17:58.057161 innan data send
2021-03-24 11:17:58.057426 innan data send
2021-03-24 11:17:58.057629 innan data send
2021-03-24 11:17:58.057991 innan data send
2021-03-24 11:17:58.058365 innan data send
2021-03-24 11:17:58.058566 innan data send
2021-03-24 11:17:58.210860 Status = 200
2021-03-24 11:17:58.311859 Status = 200
2021-03-24 11:17:58.462966 Status = 200
2021-03-24 11:17:58.567332 Status = 200
2021-03-24 11:17:58.671492 Status = 200
2021-03-24 11:17:58.822499 Status = 200
2021-03-24 11:17:58.923472 Status = 200
2021-03-24 11:17:59.074514 Status = 200
2021-03-24 11:19:14.170481 onHeartbeat
2021-03-24 11:19:14.227233 Entered CheckInternet
2021-03-24 11:19:14.227625 Ping
2021-03-24 11:19:14.322853 Internet is OK
2021-03-24 11:19:14.323210 Get Token
2021-03-24 11:19:14.323426 innan token send
2021-03-24 11:19:14.385404 Status = 200
2021-03-24 11:19:14.439073 Entered CheckInternet
2021-03-24 11:19:14.439458 Ping
2021-03-24 11:19:14.531819 Internet is OK
2021-03-24 11:19:14.532228 Get Data
2021-03-24 11:19:14.532484 innan data send
2021-03-24 11:19:14.532773 innan data send
2021-03-24 11:19:14.533050 innan data send
2021-03-24 11:19:14.533243 innan data send
2021-03-24 11:19:14.533497 innan data send
2021-03-24 11:19:14.533755 innan data send
2021-03-24 11:19:14.534009 innan data send
2021-03-24 11:19:14.534341 innan data send
2021-03-24 11:19:14.534641 innan data send
2021-03-24 11:19:14.736651 Status = 200
2021-03-24 11:19:14.837604 Status = 200
2021-03-24 11:19:14.988684 Status = 200
2021-03-24 11:19:15.142978 Status = 200
2021-03-24 11:19:15.297175 Status = 200
2021-03-24 11:19:15.398161 Status = 200
2021-03-24 11:19:15.549255 Status = 200
2021-03-24 11:19:15.650150 Status = 200
2021-03-24 11:19:42.142390 onStart
2021-03-24 11:19:53.932815 onHeartbeat
2021-03-24 11:19:53.989335 Entered CheckInternet
2021-03-24 11:19:53.989724 Ping
2021-03-24 11:19:54.104381 Internet is OK
2021-03-24 11:19:54.104740 Get Token
2021-03-24 11:19:54.104957 innan token send
2021-03-24 11:19:54.156241 Status = 200
2021-03-24 11:19:54.213212 Entered CheckInternet
2021-03-24 11:19:54.213587 Ping
2021-03-24 11:19:54.307650 Internet is OK
2021-03-24 11:19:54.308044 Get Data
2021-03-24 11:19:54.308289 innan data send
2021-03-24 11:19:54.308497 innan data send
2021-03-24 11:19:54.308684 innan data send
2021-03-24 11:19:54.308940 innan data send
2021-03-24 11:19:54.309281 innan data send
2021-03-24 11:19:54.309549 innan data send
2021-03-24 11:19:54.309807 innan data send
2021-03-24 11:19:54.310034 innan data send
2021-03-24 11:19:54.310215 innan data send
2021-03-24 11:19:54.412933 Entered CheckInternet
2021-03-24 11:19:54.413313 Ping
2021-03-24 11:19:54.503557 Internet is OK
2021-03-24 11:19:54.503901 Get Categories
2021-03-24 11:19:54.555390 Status = 200
2021-03-24 11:19:54.606136 Status = 200
2021-03-24 11:19:54.656942 Status = 200
2021-03-24 11:19:54.707991 Status = 200
2021-03-24 11:19:54.866250 Status = 200
2021-03-24 11:19:54.967254 Status = 200
2021-03-24 11:19:55.118369 Status = 200
2021-03-24 11:19:55.219267 Status = 200
2021-03-24 11:19:55.420366 Status = 200
2021-03-24 11:20:52.777421 onStart
2021-03-24 11:21:04.528887 onHeartbeat
2021-03-24 11:21:04.631951 Entered CheckInternet
2021-03-24 11:21:04.632328 Ping
2021-03-24 11:21:04.731298 Internet is OK
2021-03-24 11:21:04.731659 Get Token
2021-03-24 11:21:04.731874 innan token send
2021-03-24 11:21:04.783386 Status = 200
2021-03-24 11:21:04.838390 Entered CheckInternet
2021-03-24 11:21:04.838774 Ping
2021-03-24 11:21:04.942494 Internet is OK
2021-03-24 11:21:04.942850 Get Data
2021-03-24 11:21:04.943063 innan data send
2021-03-24 11:21:04.943240 innan data send
2021-03-24 11:21:04.943472 innan data send
2021-03-24 11:21:04.943644 innan data send
2021-03-24 11:21:04.943866 innan data send
2021-03-24 11:21:04.944171 innan data send
2021-03-24 11:21:04.944411 innan data send
2021-03-24 11:21:04.944646 innan data send
2021-03-24 11:21:04.944879 innan data send
2021-03-24 11:21:05.047918 Entered CheckInternet
2021-03-24 11:21:05.048300 Ping
2021-03-24 11:21:06.164845 Internet is OK
2021-03-24 11:21:06.165194 Get Categories
2021-03-24 11:21:06.216853 Status = 200
2021-03-24 11:21:06.217429 Status = 200
2021-03-24 11:21:06.217864 Status = 200
2021-03-24 11:21:06.227297 Status = 200
2021-03-24 11:21:06.578697 Status = 200
2021-03-24 11:21:06.730147 Status = 200
2021-03-24 11:21:07.182168 Status = 200
2021-03-24 11:21:07.784470 Status = 200
2021-03-24 11:21:07.885378 Status = 200
2021-03-24 11:21:27.604485 onStart
2021-03-24 11:21:43.318503 onHeartbeat
2021-03-24 11:21:43.423496 Entered CheckInternet
2021-03-24 11:21:43.423880 Ping
2021-03-24 11:21:43.518570 Internet is OK
2021-03-24 11:21:43.518925 Get Token
2021-03-24 11:21:43.519126 innan token send
2021-03-24 11:21:43.570614 Status = 200
2021-03-24 11:21:43.625550 Entered CheckInternet
2021-03-24 11:21:43.625953 Ping
2021-03-24 11:21:43.724301 Internet is OK
2021-03-24 11:21:43.724651 Get Data
2021-03-24 11:21:43.724923 innan data send
2021-03-24 11:21:43.725114 innan data send
2021-03-24 11:21:43.725283 innan data send
2021-03-24 11:21:43.725514 innan data send
2021-03-24 11:21:43.725824 innan data send
2021-03-24 11:21:43.726055 innan data send
2021-03-24 11:21:43.726220 innan data send
2021-03-24 11:21:43.726452 innan data send
2021-03-24 11:21:43.726685 innan data send
2021-03-24 11:21:43.829458 Entered CheckInternet
2021-03-24 11:21:43.829842 Ping
2021-03-24 11:21:43.920418 Internet is OK
2021-03-24 11:21:43.920775 Get Categories
2021-03-24 11:21:43.972459 Status = 200
2021-03-24 11:21:44.073372 Status = 200
2021-03-24 11:21:44.124694 Status = 200
2021-03-24 11:21:44.225665 Status = 200
2021-03-24 11:21:44.385806 Status = 200
2021-03-24 11:21:44.543078 Status = 200
2021-03-24 11:21:44.644156 Status = 200
2021-03-24 11:21:44.795228 Status = 200
2021-03-24 11:21:44.846057 Status = 200
2021-03-24 11:22:52.864378 onHeartbeat
2021-03-24 11:22:53.031145 Entered CheckInternet
2021-03-24 11:22:53.031492 Ping
2021-03-24 11:22:53.135073 Internet is OK
2021-03-24 11:22:53.135429 Get Token
2021-03-24 11:22:53.135672 innan token send
2021-03-24 11:22:53.237318 Status = 200
2021-03-24 11:22:53.290265 Entered CheckInternet
2021-03-24 11:22:53.290669 Ping
2021-03-24 11:22:53.400381 Internet is OK
2021-03-24 11:22:53.400742 Get Data
2021-03-24 11:22:53.400975 innan data send
2021-03-24 11:22:53.401178 innan data send
2021-03-24 11:22:53.401430 innan data send
2021-03-24 11:22:53.401611 innan data send
2021-03-24 11:22:53.401774 innan data send
2021-03-24 11:22:53.401965 innan data send
2021-03-24 11:22:53.402203 innan data send
2021-03-24 11:22:53.402535 innan data send
2021-03-24 11:22:53.402792 innan data send
2021-03-24 11:22:53.557029 Status = 200
2021-03-24 11:22:53.657705 Status = 200
2021-03-24 11:22:53.762012 Status = 200
2021-03-24 11:22:53.866690 Status = 200
2021-03-24 11:22:54.018762 Status = 200
2021-03-24 11:22:54.169653 Status = 200
2021-03-24 11:22:54.270486 Status = 200
2021-03-24 11:22:54.421145 Status = 200
2021-03-24 11:23:12.980558 onStart
2021-03-24 11:23:24.236872 onHeartbeat
2021-03-24 11:23:24.338948 Entered CheckInternet
2021-03-24 11:23:24.339405 Ping
2021-03-24 11:23:25.802009 Internet is OK
2021-03-24 11:23:25.802374 Get Token
2021-03-24 11:23:25.802585 innan token send
2021-03-24 11:23:25.854199 Status = 200
2021-03-24 11:23:25.912592 Entered CheckInternet
2021-03-24 11:23:25.912908 Ping
2021-03-24 11:23:26.006853 Internet is OK
2021-03-24 11:23:26.007174 Get Data
2021-03-24 11:23:26.007363 innan data send
2021-03-24 11:23:26.007591 innan data send
2021-03-24 11:23:26.007748 innan data send
2021-03-24 11:23:26.007959 innan data send
2021-03-24 11:23:26.008235 innan data send
2021-03-24 11:23:26.008390 innan data send
2021-03-24 11:23:26.008623 innan data send
2021-03-24 11:23:26.008839 innan data send
2021-03-24 11:23:26.009049 innan data send
2021-03-24 11:23:26.111750 Entered CheckInternet
2021-03-24 11:23:26.112167 Ping
2021-03-24 11:23:26.209665 Internet is OK
2021-03-24 11:23:26.210066 Get Categories
2021-03-24 11:23:26.261780 Status = 200
2021-03-24 11:23:27.264610 Status = 200
2021-03-24 11:23:27.315522 Status = 200
2021-03-24 11:23:27.366721 Status = 200
2021-03-24 11:23:27.473212 Status = 200
2021-03-24 11:23:27.624248 Status = 200
2021-03-24 11:23:28.477388 Status = 200
2021-03-24 11:23:28.586196 Status = 200
2021-03-24 11:23:29.388706 Status = 200
2021-03-24 11:24:23.881694 onStart
2021-03-24 11:24:35.217312 onHeartbeat
2021-03-24 11:24:35.323388 Entered CheckInternet
2021-03-24 11:24:35.323664 Ping
2021-03-24 11:24:36.010117 Internet is OK
2021-03-24 11:24:36.010472 Get Token
2021-03-24 11:24:36.010685 innan token send
2021-03-24 11:24:36.112426 Status = 200
2021-03-24 11:24:36.165943 Entered CheckInternet
2021-03-24 11:24:36.166332 Ping
2021-03-24 11:24:36.848094 Internet is OK
2021-03-24 11:24:36.848442 Get Data
2021-03-24 11:24:36.848678 innan data send
2021-03-24 11:24:36.848946 innan data send
2021-03-24 11:24:36.849205 innan data send
2021-03-24 11:24:36.849380 innan data send
2021-03-24 11:24:36.849606 innan data send
2021-03-24 11:24:36.849972 innan data send
2021-03-24 11:24:36.850194 innan data send
2021-03-24 11:24:36.850359 innan data send
2021-03-24 11:24:36.850515 innan data send
2021-03-24 11:24:36.953156 Entered CheckInternet
2021-03-24 11:24:36.953525 Ping
2021-03-24 11:24:37.047832 Internet is OK
2021-03-24 11:24:37.048175 Get Categories
2021-03-24 11:24:37.099689 Status = 200
2021-03-24 11:24:37.150553 Status = 200
2021-03-24 11:24:37.201402 Status = 200
2021-03-24 11:24:37.552971 Status = 200
2021-03-24 11:24:37.762952 Status = 200
2021-03-24 11:24:37.867068 Status = 200
2021-03-24 11:24:38.418950 Status = 200
2021-03-24 11:24:38.519836 Status = 200
2021-03-24 11:24:38.921345 Status = 200
2021-03-24 11:25:45.306516 onHeartbeat
2021-03-24 11:25:45.412529 Entered CheckInternet
2021-03-24 11:25:45.412910 Ping
2021-03-24 11:25:45.520130 Internet is OK
2021-03-24 11:25:45.520483 Get Token
2021-03-24 11:25:45.520699 innan token send
2021-03-24 11:25:45.575964 Status = 200
2021-03-24 11:25:45.630489 Entered CheckInternet
2021-03-24 11:25:45.630869 Ping
2021-03-24 11:25:46.111531 Internet is OK
2021-03-24 11:25:46.111881 Get Data
2021-03-24 11:25:46.112088 innan data send
2021-03-24 11:25:46.112275 innan data send
2021-03-24 11:25:46.112444 innan data send
2021-03-24 11:25:46.112675 innan data send
2021-03-24 11:25:46.112909 innan data send
2021-03-24 11:25:46.113082 innan data send
2021-03-24 11:25:46.113311 innan data send
2021-03-24 11:25:46.113610 innan data send
2021-03-24 11:25:46.113849 innan data send
2021-03-24 11:25:46.265972 Status = 200
2021-03-24 11:25:46.817878 Status = 200
2021-03-24 11:25:47.570172 Status = 200
2021-03-24 11:25:47.680333 Status = 200
2021-03-24 11:25:47.784485 Status = 200
2021-03-24 11:25:47.885506 Status = 200
2021-03-24 11:25:48.039686 Status = 200
2021-03-24 11:25:48.892084 Status = 200
2021-03-24 11:26:53.992474 onHeartbeat
2021-03-24 11:26:54.099027 Entered CheckInternet
2021-03-24 11:26:54.099410 Ping
2021-03-24 11:26:54.196055 Internet is OK
2021-03-24 11:26:54.196324 Get Token
2021-03-24 11:26:54.196482 innan token send
2021-03-24 11:26:54.247561 Status = 200
2021-03-24 11:26:54.300553 Entered CheckInternet
2021-03-24 11:26:54.300930 Ping
2021-03-24 11:26:54.397302 Internet is OK
2021-03-24 11:26:54.397670 Get Data
2021-03-24 11:26:54.397874 innan data send
2021-03-24 11:26:54.398062 innan data send
2021-03-24 11:26:54.398228 innan data send
2021-03-24 11:26:54.398392 innan data send
2021-03-24 11:26:54.398551 innan data send
2021-03-24 11:26:54.398714 innan data send
2021-03-24 11:26:54.398884 innan data send
2021-03-24 11:26:54.399073 innan data send
2021-03-24 11:26:54.399251 innan data send
2021-03-24 11:26:54.600330 Status = 200
2021-03-24 11:26:54.701288 Status = 200
2021-03-24 11:26:54.806022 Status = 200
2021-03-24 11:26:54.960850 Status = 200
2021-03-24 11:26:55.065521 Status = 200
2021-03-24 11:26:55.266835 Status = 200
2021-03-24 11:26:55.371593 Status = 200
2021-03-24 11:26:55.472706 Status = 200
2021-03-24 11:28:01.565623 onHeartbeat
2021-03-24 11:28:01.765161 Entered CheckInternet
2021-03-24 11:28:01.765464 Ping
2021-03-24 11:28:01.861626 Internet is OK
2021-03-24 11:28:01.861993 Get Token
2021-03-24 11:28:01.862143 innan token send
2021-03-24 11:28:01.967488 Status = 200
2021-03-24 11:28:02.022277 Entered CheckInternet
2021-03-24 11:28:02.022504 Ping
2021-03-24 11:28:02.115427 Internet is OK
2021-03-24 11:28:02.115761 Get Data
2021-03-24 11:28:02.115956 innan data send
2021-03-24 11:28:02.116201 innan data send
2021-03-24 11:28:02.116437 innan data send
2021-03-24 11:28:02.116661 innan data send
2021-03-24 11:28:02.116828 innan data send
2021-03-24 11:28:02.116994 innan data send
2021-03-24 11:28:02.117217 innan data send
2021-03-24 11:28:02.117497 innan data send
2021-03-24 11:28:02.117722 innan data send
2021-03-24 11:28:02.269562 Status = 200
2021-03-24 11:28:02.470670 Status = 200
2021-03-24 11:28:02.571643 Status = 200
2021-03-24 11:28:02.729400 Status = 200
2021-03-24 11:28:02.880349 Status = 200
2021-03-24 11:28:03.031380 Status = 200
2021-03-24 11:28:03.135411 Status = 200
2021-03-24 11:28:03.336434 Status = 200
2021-03-24 11:29:15.679734 onHeartbeat
2021-03-24 11:29:15.782709 Entered CheckInternet
2021-03-24 11:29:15.783087 Ping
2021-03-24 11:29:15.981371 Internet is OK
2021-03-24 11:29:15.981723 Get Token
2021-03-24 11:29:15.981971 innan token send
2021-03-24 11:29:16.033433 Status = 200
2021-03-24 11:29:16.088625 Entered CheckInternet
2021-03-24 11:29:16.089007 Ping
2021-03-24 11:29:16.183005 Internet is OK
2021-03-24 11:29:16.183349 Get Data
2021-03-24 11:29:16.183553 innan data send
2021-03-24 11:29:16.183739 innan data send
2021-03-24 11:29:16.183983 innan data send
2021-03-24 11:29:16.184172 innan data send
2021-03-24 11:29:16.184446 innan data send
2021-03-24 11:29:16.184654 innan data send
2021-03-24 11:29:16.184816 innan data send
2021-03-24 11:29:16.185052 innan data send
2021-03-24 11:29:16.185158 innan data send
2021-03-24 11:29:16.336720 Status = 200
2021-03-24 11:29:16.487696 Status = 200
2021-03-24 11:29:16.638514 Status = 200
2021-03-24 11:29:16.793208 Status = 200
2021-03-24 11:29:16.897486 Status = 200
2021-03-24 11:29:16.998570 Status = 200
2021-03-24 11:29:17.154547 Status = 200
2021-03-24 11:29:17.355651 Status = 200
